<?xml version="1.0" encoding="UTF-8"?>
<!-- Generated by org.testng.reporters.JUnitXMLReporter -->
<testsuite hostname="skumaresan-mbp" name="Default test" tests="3" failures="0" timestamp="8 Mar 2015 20:50:53 GMT" time="0.039" errors="0">
  <testcase name="@BeforeClass beforeSuite" time="0.0" classname="com.splunk.pageTests.Login_Tests">
    <failure type="org.testng.TestNGException" message="
Parameter &amp;apos;need-new&amp;apos; is required by @Configuration on method beforeSuite but has not been marked @Optional or defined
in /private/var/folders/mz/r_zd4s652_jd2l_cbb5tvy3wlz1bxm/T/testng-eclipse-2014507060/testng-customsuite.xml">
      <![CDATA[org.testng.TestNGException: 
Parameter 'need-new' is required by @Configuration on method beforeSuite but has not been marked @Optional or defined
in /private/var/folders/mz/r_zd4s652_jd2l_cbb5tvy3wlz1bxm/T/testng-eclipse-2014507060/testng-customsuite.xml
	at org.testng.internal.Parameters.createParameters(Parameters.java:155)
	at org.testng.internal.Parameters.createParameters(Parameters.java:358)
	at org.testng.internal.Parameters.createConfigurationParameters(Parameters.java:86)
	at org.testng.internal.Invoker.invokeConfigurations(Invoker.java:199)
	at org.testng.internal.Invoker.invokeConfigurations(Invoker.java:138)
	at org.testng.internal.TestMethodWorker.invokeBeforeClassMethods(TestMethodWorker.java:175)
	at org.testng.internal.TestMethodWorker.run(TestMethodWorker.java:107)
	at org.testng.TestRunner.privateRun(TestRunner.java:767)
	at org.testng.TestRunner.run(TestRunner.java:617)
	at org.testng.SuiteRunner.runTest(SuiteRunner.java:334)
	at org.testng.SuiteRunner.runSequentially(SuiteRunner.java:329)
	at org.testng.SuiteRunner.privateRun(SuiteRunner.java:291)
	at org.testng.SuiteRunner.run(SuiteRunner.java:240)
	at org.testng.SuiteRunnerWorker.runSuite(SuiteRunnerWorker.java:52)
	at org.testng.SuiteRunnerWorker.run(SuiteRunnerWorker.java:86)
	at org.testng.TestNG.runSuitesSequentially(TestNG.java:1224)
	at org.testng.TestNG.runSuitesLocally(TestNG.java:1149)
	at org.testng.TestNG.run(TestNG.java:1057)
	at org.testng.remote.RemoteTestNG.run(RemoteTestNG.java:111)
	at org.testng.remote.RemoteTestNG.initAndRun(RemoteTestNG.java:204)
	at org.testng.remote.RemoteTestNG.main(RemoteTestNG.java:175)
]]>
    </failure>
  </testcase> <!-- @BeforeClass beforeSuite -->
  <testcase name="@AfterClass shutDownDriver" time="0.0" classname="com.splunk.pageTests.Login_Tests">
    <failure type="org.testng.TestNGException" message="
Parameter &amp;apos;need-new&amp;apos; is required by @Configuration on method shutDownDriver but has not been marked @Optional or defined
in /private/var/folders/mz/r_zd4s652_jd2l_cbb5tvy3wlz1bxm/T/testng-eclipse-2014507060/testng-customsuite.xml">
      <![CDATA[org.testng.TestNGException: 
Parameter 'need-new' is required by @Configuration on method shutDownDriver but has not been marked @Optional or defined
in /private/var/folders/mz/r_zd4s652_jd2l_cbb5tvy3wlz1bxm/T/testng-eclipse-2014507060/testng-customsuite.xml
	at org.testng.internal.Parameters.createParameters(Parameters.java:155)
	at org.testng.internal.Parameters.createParameters(Parameters.java:358)
	at org.testng.internal.Parameters.createConfigurationParameters(Parameters.java:86)
	at org.testng.internal.Invoker.invokeConfigurations(Invoker.java:199)
	at org.testng.internal.Invoker.invokeConfigurations(Invoker.java:138)
	at org.testng.internal.TestMethodWorker.invokeAfterClassMethods(TestMethodWorker.java:225)
	at org.testng.internal.TestMethodWorker.run(TestMethodWorker.java:114)
	at org.testng.TestRunner.privateRun(TestRunner.java:767)
	at org.testng.TestRunner.run(TestRunner.java:617)
	at org.testng.SuiteRunner.runTest(SuiteRunner.java:334)
	at org.testng.SuiteRunner.runSequentially(SuiteRunner.java:329)
	at org.testng.SuiteRunner.privateRun(SuiteRunner.java:291)
	at org.testng.SuiteRunner.run(SuiteRunner.java:240)
	at org.testng.SuiteRunnerWorker.runSuite(SuiteRunnerWorker.java:52)
	at org.testng.SuiteRunnerWorker.run(SuiteRunnerWorker.java:86)
	at org.testng.TestNG.runSuitesSequentially(TestNG.java:1224)
	at org.testng.TestNG.runSuitesLocally(TestNG.java:1149)
	at org.testng.TestNG.run(TestNG.java:1057)
	at org.testng.remote.RemoteTestNG.run(RemoteTestNG.java:111)
	at org.testng.remote.RemoteTestNG.initAndRun(RemoteTestNG.java:204)
	at org.testng.remote.RemoteTestNG.main(RemoteTestNG.java:175)
]]>
    </failure>
  </testcase> <!-- @AfterClass shutDownDriver -->
  <testcase name="LoginPageTest" time="0.0050" classname="com.splunk.pageTests.Login_Tests">
    <skipped/>
  </testcase> <!-- LoginPageTest -->
  <testcase name="MyAccountLink" time="0.0" classname="com.splunk.pageTests.Login_Tests">
    <skipped/>
  </testcase> <!-- MyAccountLink -->
  <testcase name="tester" time="0.0020" classname="com.splunk.pageTests.Login_Tests">
    <skipped/>
  </testcase> <!-- tester -->
</testsuite> <!-- Default test -->
