<?xml version="1.0" encoding="UTF-8"?>
<testng-results skipped="0" failed="1" total="1" passed="0">
  <reporter-output>
  </reporter-output>
  <suite name="SplunkAutomation" duration-ms="10698" started-at="2015-04-20T19:02:46Z" finished-at="2015-04-20T19:02:56Z">
    <groups>
    </groups>
    <test name="Tests" duration-ms="10698" started-at="2015-04-20T19:02:46Z" finished-at="2015-04-20T19:02:56Z">
      <class name="com.splunk.pageTests.Download_ExistingUserTest">
        <test-method status="PASS" signature="beforeSuite()[pri:0, instance:com.splunk.pageTests.Download_ExistingUserTest@672872e1]" name="beforeSuite" is-config="true" duration-ms="8" started-at="2015-04-20T12:02:45Z" finished-at="2015-04-20T12:02:46Z">
          <reporter-output>
          </reporter-output>
        </test-method> <!-- beforeSuite -->
        <test-method status="PASS" signature="beforeSuite(java.lang.String, org.testng.ITestContext)[pri:0, instance:com.splunk.pageTests.Download_ExistingUserTest@672872e1]" name="beforeSuite" is-config="true" duration-ms="3582" started-at="2015-04-20T12:02:46Z" finished-at="2015-04-20T12:02:49Z">
          <params>
            <param index="0">
              <value>
                <![CDATA[yes]]>
              </value>
            </param>
            <param index="1">
              <value>
                <![CDATA[org.testng.TestRunner@2fc0cc3]]>
              </value>
            </param>
          </params>
          <reporter-output>
          </reporter-output>
        </test-method> <!-- beforeSuite -->
        <test-method status="FAIL" signature="validateHunkDownloadFlow(java.lang.String, java.lang.String)[pri:0, instance:com.splunk.pageTests.Download_ExistingUserTest@672872e1]" name="validateHunkDownloadFlow" duration-ms="6747" started-at="2015-04-20T12:02:49Z" data-provider="HunkDL" finished-at="2015-04-20T12:02:56Z">
          <params>
            <param index="0">
              <value>
                <![CDATA[//div[@class='col-sm-7 col-sm-offset-1']/button]]>
              </value>
            </param>
            <param index="1">
              <value>
                <![CDATA[//div[@class='download-modal-row-white']/a]]>
              </value>
            </param>
          </params>
          <exception class="org.openqa.selenium.NoSuchElementException">
            <message>
              <![CDATA[Unable to locate element: {"method":"xpath","selector":"//div[@class='col-sm-7 col-sm-offset-1']/button"}
Command duration or timeout: 20 milliseconds
For documentation on this error, please visit: http://seleniumhq.org/exceptions/no_such_element.html
Build info: version: '2.45.0', revision: '5017cb8e7ca8e37638dc3091b2440b90a1d8686f', time: '2015-02-27 09:10:26'
System info: host: 'skumaresan-mbp', ip: '192.168.1.226', os.name: 'Mac OS X', os.arch: 'x86_64', os.version: '10.9.5', java.version: '1.8.0_40'
Driver info: org.openqa.selenium.firefox.FirefoxDriver
Capabilities [{applicationCacheEnabled=true, rotatable=false, handlesAlerts=true, databaseEnabled=true, version=31.0, platform=MAC, nativeEvents=false, acceptSslCerts=true, webStorageEnabled=true, locationContextEnabled=true, browserName=firefox, takesScreenshot=true, javascriptEnabled=true, cssSelectorsEnabled=true}]
Session ID: 658d3b27-cbda-4e46-8c65-c7309670c067
*** Element info: {Using=xpath, value=//div[@class='col-sm-7 col-sm-offset-1']/button}]]>
            </message>
            <full-stacktrace>
              <![CDATA[org.openqa.selenium.NoSuchElementException: Unable to locate element: {"method":"xpath","selector":"//div[@class='col-sm-7 col-sm-offset-1']/button"}
Command duration or timeout: 20 milliseconds
For documentation on this error, please visit: http://seleniumhq.org/exceptions/no_such_element.html
Build info: version: '2.45.0', revision: '5017cb8e7ca8e37638dc3091b2440b90a1d8686f', time: '2015-02-27 09:10:26'
System info: host: 'skumaresan-mbp', ip: '192.168.1.226', os.name: 'Mac OS X', os.arch: 'x86_64', os.version: '10.9.5', java.version: '1.8.0_40'
Driver info: org.openqa.selenium.firefox.FirefoxDriver
Capabilities [{applicationCacheEnabled=true, rotatable=false, handlesAlerts=true, databaseEnabled=true, version=31.0, platform=MAC, nativeEvents=false, acceptSslCerts=true, webStorageEnabled=true, locationContextEnabled=true, browserName=firefox, takesScreenshot=true, javascriptEnabled=true, cssSelectorsEnabled=true}]
Session ID: 658d3b27-cbda-4e46-8c65-c7309670c067
*** Element info: {Using=xpath, value=//div[@class='col-sm-7 col-sm-offset-1']/button}
	at sun.reflect.NativeConstructorAccessorImpl.newInstance0(Native Method)
	at sun.reflect.NativeConstructorAccessorImpl.newInstance(NativeConstructorAccessorImpl.java:62)
	at sun.reflect.DelegatingConstructorAccessorImpl.newInstance(DelegatingConstructorAccessorImpl.java:45)
	at java.lang.reflect.Constructor.newInstance(Constructor.java:422)
	at org.openqa.selenium.remote.ErrorHandler.createThrowable(ErrorHandler.java:204)
	at org.openqa.selenium.remote.ErrorHandler.throwIfResponseFailed(ErrorHandler.java:156)
	at org.openqa.selenium.remote.RemoteWebDriver.execute(RemoteWebDriver.java:599)
	at org.openqa.selenium.remote.RemoteWebDriver.findElement(RemoteWebDriver.java:352)
	at org.openqa.selenium.remote.RemoteWebDriver.findElementByXPath(RemoteWebDriver.java:449)
	at org.openqa.selenium.By$ByXPath.findElement(By.java:357)
	at org.openqa.selenium.remote.RemoteWebDriver.findElement(RemoteWebDriver.java:344)
	at com.splunk.pageCommonLibraries.DownloadFlow.VerifyDownloadFlow(DownloadFlow.java:26)
	at com.splunk.pageTests.Download_ExistingUserTest.validateHunkDownloadFlow(Download_ExistingUserTest.java:34)
	at sun.reflect.NativeMethodAccessorImpl.invoke0(Native Method)
	at sun.reflect.NativeMethodAccessorImpl.invoke(NativeMethodAccessorImpl.java:62)
	at sun.reflect.DelegatingMethodAccessorImpl.invoke(DelegatingMethodAccessorImpl.java:43)
	at java.lang.reflect.Method.invoke(Method.java:497)
	at org.testng.internal.MethodInvocationHelper.invokeMethod(MethodInvocationHelper.java:85)
	at org.testng.internal.Invoker.invokeMethod(Invoker.java:696)
	at org.testng.internal.Invoker.invokeTestMethod(Invoker.java:882)
	at org.testng.internal.Invoker.invokeTestMethods(Invoker.java:1189)
	at org.testng.internal.TestMethodWorker.invokeTestMethods(TestMethodWorker.java:124)
	at org.testng.internal.TestMethodWorker.run(TestMethodWorker.java:108)
	at org.testng.TestRunner.privateRun(TestRunner.java:767)
	at org.testng.TestRunner.run(TestRunner.java:617)
	at org.testng.SuiteRunner.runTest(SuiteRunner.java:348)
	at org.testng.SuiteRunner.runSequentially(SuiteRunner.java:343)
	at org.testng.SuiteRunner.privateRun(SuiteRunner.java:305)
	at org.testng.SuiteRunner.run(SuiteRunner.java:254)
	at org.testng.SuiteRunnerWorker.runSuite(SuiteRunnerWorker.java:52)
	at org.testng.SuiteRunnerWorker.run(SuiteRunnerWorker.java:86)
	at org.testng.TestNG.runSuitesSequentially(TestNG.java:1224)
	at org.testng.TestNG.runSuitesLocally(TestNG.java:1149)
	at org.testng.TestNG.run(TestNG.java:1057)
	at org.apache.maven.surefire.testng.TestNGExecutor.run(TestNGExecutor.java:177)
	at org.apache.maven.surefire.testng.TestNGXmlTestSuite.execute(TestNGXmlTestSuite.java:92)
	at org.apache.maven.surefire.testng.TestNGProvider.invoke(TestNGProvider.java:105)
	at sun.reflect.NativeMethodAccessorImpl.invoke0(Native Method)
	at sun.reflect.NativeMethodAccessorImpl.invoke(NativeMethodAccessorImpl.java:62)
	at sun.reflect.DelegatingMethodAccessorImpl.invoke(DelegatingMethodAccessorImpl.java:43)
	at java.lang.reflect.Method.invoke(Method.java:497)
	at org.apache.maven.surefire.util.ReflectionUtils.invokeMethodWithArray(ReflectionUtils.java:189)
	at org.apache.maven.surefire.booter.ProviderFactory$ProviderProxy.invoke(ProviderFactory.java:165)
	at org.apache.maven.surefire.booter.ProviderFactory.invokeProvider(ProviderFactory.java:85)
	at org.apache.maven.surefire.booter.ForkedBooter.runSuitesInProcess(ForkedBooter.java:103)
	at org.apache.maven.surefire.booter.ForkedBooter.main(ForkedBooter.java:74)
Caused by: org.openqa.selenium.NoSuchElementException: Unable to locate element: {"method":"xpath","selector":"//div[@class='col-sm-7 col-sm-offset-1']/button"}
For documentation on this error, please visit: http://seleniumhq.org/exceptions/no_such_element.html
Build info: version: '2.45.0', revision: '5017cb8e7ca8e37638dc3091b2440b90a1d8686f', time: '2015-02-27 09:10:26'
System info: host: 'skumaresan-mbp', ip: '192.168.1.226', os.name: 'Mac OS X', os.arch: 'x86_64', os.version: '10.9.5', java.version: '1.8.0_40'
Driver info: driver.version: unknown
	at <anonymous class>.FirefoxDriver.prototype.findElementInternal_(file:///var/folders/mz/r_zd4s652_jd2l_cbb5tvy3wlz1bxm/T/anonymous194247198800898229webdriver-profile/extensions/fxdriver@googlecode.com/components/driver-component.js:10271)
	at <anonymous class>.FirefoxDriver.prototype.findElement(file:///var/folders/mz/r_zd4s652_jd2l_cbb5tvy3wlz1bxm/T/anonymous194247198800898229webdriver-profile/extensions/fxdriver@googlecode.com/components/driver-component.js:10280)
	at <anonymous class>.DelayedCommand.prototype.executeInternal_/h(file:///var/folders/mz/r_zd4s652_jd2l_cbb5tvy3wlz1bxm/T/anonymous194247198800898229webdriver-profile/extensions/fxdriver@googlecode.com/components/command-processor.js:12274)
	at <anonymous class>.DelayedCommand.prototype.executeInternal_(file:///var/folders/mz/r_zd4s652_jd2l_cbb5tvy3wlz1bxm/T/anonymous194247198800898229webdriver-profile/extensions/fxdriver@googlecode.com/components/command-processor.js:12279)
	at <anonymous class>.DelayedCommand.prototype.execute/<(file:///var/folders/mz/r_zd4s652_jd2l_cbb5tvy3wlz1bxm/T/anonymous194247198800898229webdriver-profile/extensions/fxdriver@googlecode.com/components/command-processor.js:12221)
]]>
            </full-stacktrace>
          </exception> <!-- org.openqa.selenium.NoSuchElementException -->
          <reporter-output>
          </reporter-output>
        </test-method> <!-- validateHunkDownloadFlow -->
        <test-method status="PASS" signature="clearcache()[pri:0, instance:com.splunk.pageTests.Download_ExistingUserTest@672872e1]" name="clearcache" is-config="true" duration-ms="42" started-at="2015-04-20T12:02:56Z" finished-at="2015-04-20T12:02:56Z">
          <reporter-output>
          </reporter-output>
        </test-method> <!-- clearcache -->
        <test-method status="PASS" signature="shutDownDriver1()[pri:0, instance:com.splunk.pageTests.Download_ExistingUserTest@672872e1]" name="shutDownDriver1" is-config="true" duration-ms="47" started-at="2015-04-20T12:02:56Z" finished-at="2015-04-20T12:02:56Z">
          <reporter-output>
          </reporter-output>
        </test-method> <!-- shutDownDriver1 -->
        <test-method status="PASS" signature="afterSuite()[pri:0, instance:com.splunk.pageTests.Download_ExistingUserTest@672872e1]" name="afterSuite" is-config="true" duration-ms="0" started-at="2015-04-20T12:02:56Z" finished-at="2015-04-20T12:02:56Z">
          <reporter-output>
          </reporter-output>
        </test-method> <!-- afterSuite -->
      </class> <!-- com.splunk.pageTests.Download_ExistingUserTest -->
    </test> <!-- Tests -->
  </suite> <!-- SplunkAutomation -->
</testng-results>
